
   Program  MARK  - Survival Rate Estimation with Capture-Recapture Data
   gfortran(Linux64) Vers. 7.1 Jan 201  22-Mar-2017 14:23:47    Page  001
 - - - - - - - - - - - - - - - - - - - - - - - - - - - - - - - - - - - - - -
 
   This version was compiled by GCC version 4.8.2 using the options 
   -fPIC -mmacosx-version-min=10.8.5 -m64 -mtune=core2 -O2 -fimplicit-none -fbounds-check -funroll-loops -ftree-vectorize -fopenmp.
   This problem will use 7 of 8 possible threads.


  INPUT --- proc title ;

     CPU Time in seconds for last procedure was 0.00


  INPUT --- proc chmatrix occasions= 7 groups= 1 etype= Live ICMeans 
  INPUT --- NoHist hist= 32 ;

  INPUT ---    time  interval 1 1 1 1 1 1 ;

  INPUT ---    glabel(1)=Group 1;

      Number of unique encounter histories read was 32.

      Number of individual covariates read was 0.
      Time interval lengths are all equal to 1.

      Data type number is 1
      Data type is Live Recaptures (CJS)                                                                               

     CPU Time in seconds for last procedure was 0.00

  Program  MARK  - Survival Rate Estimation with Capture-Recapture Data
   gfortran(Linux64) Vers. 7.1 Jan 201  22-Mar-2017 14:23:47    Page  002
 - - - - - - - - - - - - - - - - - - - - - - - - - - - - - - - - - - - - - -
 


  INPUT --- proc estimate link=Logit NOLOOP varest=2ndPart    ;


  INPUT --- model={ Phi(~time)p(~time) };

  INPUT ---    group=1 Phi    rows=6 cols=6 Triang ;
  INPUT ---        1 2 3 4 5 6 ;
  INPUT ---        2 3 4 5 6 ;
  INPUT ---        3 4 5 6 ;
  INPUT ---        4 5 6 ;
  INPUT ---        5 6 ;
  INPUT ---        6 ;

  INPUT ---    group=1 p    rows=6 cols=6 Triang ;
  INPUT ---        7 8 9 10 11 12 ;
  INPUT ---        8 9 10 11 12 ;
  INPUT ---        9 10 11 12 ;
  INPUT ---        10 11 12 ;
  INPUT ---        11 12 ;
  INPUT ---        12 ;

  INPUT ---    design matrix constraints=12 covariates=12;
  INPUT ---        1 0 0 0 0 0 0 0 0 0 0 0;
  INPUT ---        1 1 0 0 0 0 0 0 0 0 0 0;
  INPUT ---        1 0 1 0 0 0 0 0 0 0 0 0;
  INPUT ---        1 0 0 1 0 0 0 0 0 0 0 0;
  INPUT ---        1 0 0 0 1 0 0 0 0 0 0 0;
  INPUT ---        1 0 0 0 0 1 0 0 0 0 0 0;
  INPUT ---        0 0 0 0 0 0 1 0 0 0 0 0;
  INPUT ---        0 0 0 0 0 0 1 1 0 0 0 0;
  INPUT ---        0 0 0 0 0 0 1 0 1 0 0 0;
  INPUT ---        0 0 0 0 0 0 1 0 0 1 0 0;
  INPUT ---        0 0 0 0 0 0 1 0 0 0 1 0;
  INPUT ---        0 0 0 0 0 0 1 0 0 0 0 1;

  INPUT ---    blabel(1)=Phi:(Intercept);

  INPUT ---    blabel(2)=Phi:time2;

  INPUT ---    blabel(3)=Phi:time3;

  INPUT ---    blabel(4)=Phi:time4;

  INPUT ---    blabel(5)=Phi:time5;

  Program  MARK  - Survival Rate Estimation with Capture-Recapture Data
   gfortran(Linux64) Vers. 7.1 Jan 201  22-Mar-2017 14:23:47    Page  003
 - - - - - - - - - - - - - - - - - - - - - - - - - - - - - - - - - - - - - -
 

  INPUT ---    blabel(6)=Phi:time6;

  INPUT ---    blabel(7)=p:(Intercept);

  INPUT ---    blabel(8)=p:time3;

  INPUT ---    blabel(9)=p:time4;

  INPUT ---    blabel(10)=p:time5;

  INPUT ---    blabel(11)=p:time6;

  INPUT ---    blabel(12)=p:time7;

  INPUT ---    rlabel(1)=Phi g1 c1 a0 t1;

  INPUT ---    rlabel(2)=Phi g1 c1 a1 t2;

  INPUT ---    rlabel(3)=Phi g1 c1 a2 t3;

  INPUT ---    rlabel(4)=Phi g1 c1 a3 t4;

  INPUT ---    rlabel(5)=Phi g1 c1 a4 t5;

  INPUT ---    rlabel(6)=Phi g1 c1 a5 t6;

  INPUT ---    rlabel(7)=p g1 c1 a1 t2;

  INPUT ---    rlabel(8)=p g1 c1 a2 t3;

  INPUT ---    rlabel(9)=p g1 c1 a3 t4;

  INPUT ---    rlabel(10)=p g1 c1 a4 t5;

  INPUT ---    rlabel(11)=p g1 c1 a5 t6;

  INPUT ---    rlabel(12)=p g1 c1 a6 t7;

 Link Function Used is LOGIT        

 Variance Estimation Procedure Used is 2ndPart 
 -2logL(saturated) = 608.67978     
 Effective Sample Size = 426

 Number of function evaluations was 31 for 12 parameters.
 Time for numerical optimization was 0.05 seconds.

  Program  MARK  - Survival Rate Estimation with Capture-Recapture Data
   gfortran(Linux64) Vers. 7.1 Jan 201  22-Mar-2017 14:23:47    Page  004
 - - - - - - - - - - - - - - - - - - - - - - - - - - - - - - - - - - - - - -
 
 -2logL { Phi(~time)p(~time) } = 656.95021     
 Penalty { Phi(~time)p(~time) } = -0.0000000    
 Gradient { Phi(~time)p(~time) }:
 -0.5873902E-05  0.000000      0.000000    -0.8006906E-05-0.7401010E-05
   0.000000      0.000000    -0.4280982E-05-0.4507637E-05  0.000000    
   0.000000      0.000000    
 S Vector { Phi(~time)p(~time) }:
   106.9113      28.82861      19.49526      16.88700      15.33480    
   7.085765      2.346862      1.862870      1.098744     0.5557165    
  0.1940204     0.7474848E-05
 Time to compute number of parameters was 0.03 seconds.
   Threshold =  0.2600000E-06     Condition index =  0.6991637E-07
 Conditioned S Vector { Phi(~time)p(~time) }:
   1.000000     0.2696499     0.1823499     0.1579534     0.1434349    
  0.6627706E-01 0.2195150E-01 0.1742445E-01 0.1027716E-01 0.5197922E-02
  0.1814780E-02 0.6991637E-07
 Number of Estimated Parameters { Phi(~time)p(~time) } = 11          
 DEVIANCE { Phi(~time)p(~time) } = 48.270433                     
 DEVIANCE Degrees of Freedom { Phi(~time)p(~time) } = 14            
 c-hat { Phi(~time)p(~time) } = 3.4478880                     
 AIC { Phi(~time)p(~time) } = 678.95021                  
 AICc { Phi(~time)p(~time) } = 679.58789                    
 BIC { Phi(~time)p(~time) } = 723.54904                    
 Pearson Chisquare { Phi(~time)p(~time) } = 131.73670                  


                    LOGIT Link Function Parameters of { Phi(~time)p(~time) }
                                                              95% Confidence Interval
 Parameter                    Beta         Standard Error      Lower           Upper
 -------------------------  --------------  --------------  --------------  --------------
    1:Phi:(Intercept)       0.9354570       0.7685252       -0.5708525      2.4417664     
    2:Phi:time2             -1.1982760      0.8706733       -2.9047956      0.5082437     
    3:Phi:time3             -1.0228305      0.8049173       -2.6004684      0.5548074     
    4:Phi:time4             -0.4198598      0.8091516       -2.0057970      1.1660774     
    5:Phi:time5             -0.5360990      0.8031461       -2.1102654      1.0380674     
    6:Phi:time6             0.2481404       0.0000000       0.2481404       0.2481404     
    7:p:(Intercept)         0.8292811       0.7837380       -0.7068455      2.3654076     
    8:p:time3               1.6556251       1.2913825       -0.8754846      4.1867349     
    9:p:time4               1.5220940       1.0729161       -0.5808217      3.6250096     
   10:p:time5               1.3767433       0.9884840       -0.5606854      3.3141720     
   11:p:time6               1.7950926       1.0688794       -0.2999110      3.8900962     
   12:p:time7               -0.0147574      0.0000000       -0.0147574      -0.0147574    


                    Real Function Parameters of { Phi(~time)p(~time) }
                                                               95% Confidence Interval
  Parameter                  Estimate       Standard Error      Lower           Upper
 --------------------------  --------------  --------------  --------------  --------------
     1:Phi g1 c1 a0 t1       0.7181811       0.1555472       0.3610401       0.9199573                           
     2:Phi g1 c1 a1 t2       0.4346709       0.0688291       0.3075047       0.5710590                           
     3:Phi g1 c1 a2 t3       0.4781705       0.0597091       0.3643839       0.5942686                           
     4:Phi g1 c1 a3 t4       0.6261177       0.0592656       0.5048460       0.7333742                           
     5:Phi g1 c1 a4 t5       0.5985334       0.0560517       0.4855434       0.7019411                           
     6:Phi g1 c1 a5 t6       0.7655940       0.0000000       0.7655940       0.7655940                           
     7:p g1 c1 a1 t2         0.6962029       0.1657641       0.3302962       0.9141511                           

  Program  MARK  - Survival Rate Estimation with Capture-Recapture Data
   gfortran(Linux64) Vers. 7.1 Jan 201  22-Mar-2017 14:23:47    Page  005
 - - - - - - - - - - - - - - - - - - - - - - - - - - - - - - - - - - - - - -
 
     8:p g1 c1 a2 t3         0.9230769       0.0728778       0.6161493       0.9889758                           
     9:p g1 c1 a3 t4         0.9130435       0.0581758       0.7140649       0.9778505                           
    10:p g1 c1 a4 t5         0.9007892       0.0538330       0.7360175       0.9672856                           
    11:p g1 c1 a5 t6         0.9324138       0.0458025       0.7684926       0.9828579                           
    12:p g1 c1 a6 t7         0.6930726       0.0000000       0.6930726       0.6930726                           

 Attempted ordering of parameters by estimatibility:
   1  7  5  4  3 12 10 11  9  2  8  6
 Beta number 6 is a singular value.

     CPU Time in seconds for last procedure was 0.08


  INPUT --- proc stop;

     CPU Time in minutes for this job was 0.00

     Time Start = 14:23:47.652   Time End = 14:23:47.742


          E X E C U T I O N   S U C C E S S F U L 
